[debug] [2020-09-26T14:23:05.552Z] ----------------------------------------------------------------------
[debug] [2020-09-26T14:23:05.555Z] Command:       C:\Program Files\nodejs\node.exe C:\Users\sodattasaikrishna\AppData\Roaming\npm\node_modules\firebase-tools\bin\firebase init
[debug] [2020-09-26T14:23:05.555Z] CLI Version:   3.19.3
[debug] [2020-09-26T14:23:05.555Z] Platform:      win32
[debug] [2020-09-26T14:23:05.555Z] Node Version:  v12.9.1
[debug] [2020-09-26T14:23:05.560Z] Time:          Sat Sep 26 2020 19:53:05 GMT+0530 (India Standard Time)
[debug] [2020-09-26T14:23:05.560Z] ----------------------------------------------------------------------
[debug] 
[debug] [2020-09-26T14:23:05.580Z] > command requires scopes: ["email","openid","https://www.googleapis.com/auth/cloudplatformprojects.readonly","https://www.googleapis.com/auth/firebase"]
[debug] [2020-09-26T14:23:05.582Z] > authorizing via signed-in user
[info] 
     ######## #### ########  ######## ########     ###     ######  ########
     ##        ##  ##     ## ##       ##     ##  ##   ##  ##       ##
     ######    ##  ########  ######   ########  #########  ######  ######
     ##        ##  ##    ##  ##       ##     ## ##     ##       ## ##
     ##       #### ##     ## ######## ########  ##     ##  ######  ########

You're about to initialize a Firebase project in this directory:

  C:\Users\sodattasaikrishna\burger-builder

[info] 
=== Project Setup
[info] 
[info] First, let's associate this project directory with a Firebase project.
[info] You can create multiple project aliases by running firebase use --add, 
[info] but for now we'll just set up a default project.
[info] 
[debug] [2020-09-26T14:23:37.085Z] > refreshing access token with scopes: ["email","https://www.googleapis.com/auth/cloudplatformprojects.readonly","https://www.googleapis.com/auth/firebase","openid"]
[debug] [2020-09-26T14:23:37.086Z] >>> HTTP REQUEST POST https://www.googleapis.com/oauth2/v3/token  
 {
  refresh_token: '1//0gy_16hBjGzBtCgYIARAAGBASNgF-L9IrbCXT31nccQ31BkvloWV1ym954o_YeZilmJJNaib-7IOTIo1MckrpKosCY3o-rZEq-w',
  client_id: '563584335869-fgrhgmd47bqnekij5i8b5pr03ho849e6.apps.googleusercontent.com',
  client_secret: 'j9iVZfS8kkCEFUPaAeJV0sAi',
  grant_type: 'refresh_token',
  scope: 'email https://www.googleapis.com/auth/cloudplatformprojects.readonly https://www.googleapis.com/auth/firebase openid'
} 
 Sat Sep 26 2020 19:53:37 GMT+0530 (India Standard Time)
[debug] [2020-09-26T14:23:37.532Z] <<< HTTP RESPONSE 200
[debug] [2020-09-26T14:23:37.552Z] >>> HTTP REQUEST GET https://admin.firebase.com/v1/projects  
  
 Sat Sep 26 2020 19:53:37 GMT+0530 (India Standard Time)
[debug] [2020-09-26T14:23:59.570Z] Error: connect ETIMEDOUT 104.197.85.31:443
    at TCPConnectWrap.afterConnect [as oncomplete] (net.js:1056:14)
[error] 
[error] Error: Server Error. connect ETIMEDOUT 104.197.85.31:443
[debug] [2020-09-26T14:24:08.661Z] ----------------------------------------------------------------------
[debug] [2020-09-26T14:24:08.664Z] Command:       C:\Program Files\nodejs\node.exe C:\Users\sodattasaikrishna\AppData\Roaming\npm\node_modules\firebase-tools\bin\firebase init
[debug] [2020-09-26T14:24:08.664Z] CLI Version:   3.19.3
[debug] [2020-09-26T14:24:08.664Z] Platform:      win32
[debug] [2020-09-26T14:24:08.664Z] Node Version:  v12.9.1
[debug] [2020-09-26T14:24:08.668Z] Time:          Sat Sep 26 2020 19:54:08 GMT+0530 (India Standard Time)
[debug] [2020-09-26T14:24:08.668Z] ----------------------------------------------------------------------
[debug] 
[debug] [2020-09-26T14:24:08.687Z] > command requires scopes: ["email","openid","https://www.googleapis.com/auth/cloudplatformprojects.readonly","https://www.googleapis.com/auth/firebase"]
[debug] [2020-09-26T14:24:08.690Z] > authorizing via signed-in user
[info] 
     ######## #### ########  ######## ########     ###     ######  ########
     ##        ##  ##     ## ##       ##     ##  ##   ##  ##       ##
     ######    ##  ########  ######   ########  #########  ######  ######
     ##        ##  ##    ##  ##       ##     ## ##     ##       ## ##
     ##       #### ##     ## ######## ########  ##     ##  ######  ########

You're about to initialize a Firebase project in this directory:

  C:\Users\sodattasaikrishna\burger-builder

[info] 
=== Project Setup
[info] 
[info] First, let's associate this project directory with a Firebase project.
[info] You can create multiple project aliases by running firebase use --add, 
[info] but for now we'll just set up a default project.
[info] 
[debug] [2020-09-26T14:24:20.624Z] >>> HTTP REQUEST GET https://admin.firebase.com/v1/projects  
  
 Sat Sep 26 2020 19:54:20 GMT+0530 (India Standard Time)
[debug] [2020-09-26T14:24:42.529Z] Error: connect ETIMEDOUT 104.197.85.31:443
    at TCPConnectWrap.afterConnect [as oncomplete] (net.js:1056:14)
[error] 
[error] Error: Server Error. connect ETIMEDOUT 104.197.85.31:443
[debug] [2020-09-26T14:25:27.701Z] ----------------------------------------------------------------------
[debug] [2020-09-26T14:25:27.709Z] Command:       C:\Program Files\nodejs\node.exe C:\Users\sodattasaikrishna\AppData\Roaming\npm\node_modules\firebase-tools\bin\firebase init
[debug] [2020-09-26T14:25:27.710Z] CLI Version:   3.19.3
[debug] [2020-09-26T14:25:27.710Z] Platform:      win32
[debug] [2020-09-26T14:25:27.710Z] Node Version:  v12.9.1
[debug] [2020-09-26T14:25:27.718Z] Time:          Sat Sep 26 2020 19:55:27 GMT+0530 (India Standard Time)
[debug] [2020-09-26T14:25:27.718Z] ----------------------------------------------------------------------
[debug] 
[debug] [2020-09-26T14:25:27.754Z] > command requires scopes: ["email","openid","https://www.googleapis.com/auth/cloudplatformprojects.readonly","https://www.googleapis.com/auth/firebase"]
[debug] [2020-09-26T14:25:27.760Z] > authorizing via signed-in user
[info] 
     ######## #### ########  ######## ########     ###     ######  ########
     ##        ##  ##     ## ##       ##     ##  ##   ##  ##       ##
     ######    ##  ########  ######   ########  #########  ######  ######
     ##        ##  ##    ##  ##       ##     ## ##     ##       ## ##
     ##       #### ##     ## ######## ########  ##     ##  ######  ########

You're about to initialize a Firebase project in this directory:

  C:\Users\sodattasaikrishna\burger-builder

[info] 
=== Project Setup
[info] 
[info] First, let's associate this project directory with a Firebase project.
[info] You can create multiple project aliases by running firebase use --add, 
[info] but for now we'll just set up a default project.
[info] 
[debug] [2020-09-26T14:25:45.656Z] >>> HTTP REQUEST GET https://admin.firebase.com/v1/projects  
  
 Sat Sep 26 2020 19:55:45 GMT+0530 (India Standard Time)
[debug] [2020-09-26T14:26:19.265Z] Error: connect ETIMEDOUT 104.197.85.31:443
    at TCPConnectWrap.afterConnect [as oncomplete] (net.js:1056:14)
[error] 
[error] Error: Server Error. connect ETIMEDOUT 104.197.85.31:443
